[2m2021-05-25 00:09:51.815[0;39m [32mDEBUG[0;39m [35m59698[0;39m [2m---[0;39m [2m[nio-9999-exec-9][0;39m [36mc.ssafy.vue.controller.NoticeController [0;39m [2m:[0;39m retrieveNotice - 호출
[2m2021-05-25 00:21:43.914[0;39m [32mDEBUG[0;39m [35m59698[0;39m [2m---[0;39m [2m[io-9999-exec-10][0;39m [36mc.ssafy.vue.controller.BoardController  [0;39m [2m:[0;39m retrieveBoard - 호출
[2m2021-05-25 00:23:02.070[0;39m [32m INFO[0;39m [35m59698[0;39m [2m---[0;39m [2m[nio-9999-exec-2][0;39m [36mcom.ssafy.vue.service.JwtService        [0;39m [2m:[0;39m jwt : eyJ0eXAiOiJKV1QiLCJhbGciOiJIUzI1NiJ9.eyJzdWIiOiLroZzqt7jsnbjthqDtgbAiLCJleHAiOjE2MjE4NzE1ODIsInVzZXIiOnsidXNlcmlkIjoia2ltc3NhZnkiLCJ1c2VybmFtZSI6Iuq5gOyLuO2UvCIsInVzZXJwd2QiOm51bGwsImVtYWlsIjoia2ltc3NhZnlAZ21haWwuY29tIiwiYWRkcmVzcyI6IuyEnOyauCDqsJXrgqjqtawg7YWM7Zek656A66GcIDIxMiAo7Jet7IK864-ZLCDrqYDti7DsuqDtjbzsiqQpIiwiam9pbmRhdGUiOiIyMDIxLTA1LTI0IDIyOjM2OjAzIiwiaXNBZG1pbiI6IjAifSwiZ3JlZXRpbmciOiLtmZjsmIHtlanri4jri6QuIOq5gOyLuO2UvCJ9.0K_xCWgRKPGvh8rGfCIKUTCEawUlYsQbfFwRhLJu51s
[2m2021-05-25 00:23:03.275[0;39m [32m INFO[0;39m [35m59698[0;39m [2m---[0;39m [2m[nio-9999-exec-3][0;39m [36mcom.ssafy.vue.service.JwtService        [0;39m [2m:[0;39m claims : header={typ=JWT, alg=HS256},body={sub=로그인토큰, exp=1621871582, user={userid=kimssafy, username=김싸피, userpwd=null, email=kimssafy@gmail.com, address=서울 강남구 테헤란로 212 (역삼동, 멀티캠퍼스), joindate=2021-05-24 22:36:03, isAdmin=0}, greeting=환영합니다. 김싸피},signature=0K_xCWgRKPGvh8rGfCIKUTCEawUlYsQbfFwRhLJu51s
[2m2021-05-25 00:23:05.698[0;39m [32mDEBUG[0;39m [35m59698[0;39m [2m---[0;39m [2m[nio-9999-exec-4][0;39m [36mc.ssafy.vue.controller.BoardController  [0;39m [2m:[0;39m retrieveBoard - 호출
[2m2021-05-25 00:23:40.234[0;39m [32mDEBUG[0;39m [35m59698[0;39m [2m---[0;39m [2m[nio-9999-exec-5][0;39m [36mc.ssafy.vue.controller.BoardController  [0;39m [2m:[0;39m detailBoard - 호출
[2m2021-05-25 00:31:22.583[0;39m [32m INFO[0;39m [35m59698[0;39m [2m---[0;39m [2m[nio-9999-exec-6][0;39m [36mcom.ssafy.vue.service.JwtService        [0;39m [2m:[0;39m jwt : eyJ0eXAiOiJKV1QiLCJhbGciOiJIUzI1NiJ9.eyJzdWIiOiLroZzqt7jsnbjthqDtgbAiLCJleHAiOjE2MjE4NzIwODIsInVzZXIiOnsidXNlcmlkIjoieW9vbiIsInVzZXJuYW1lIjoieW9vbiIsInVzZXJwd2QiOm51bGwsImVtYWlsIjoieW9vbjExMDZAZ21haWwuY29tIiwiYWRkcmVzcyI6IuyEnOyauCDqsJXrgqjqtawg7YWM7Zek656A66GcIDIxMiAo7Jet7IK864-ZLCDrqYDti7DsuqDtjbzsiqQpIiwiam9pbmRhdGUiOiIyMDIxLTA1LTI0IDE1OjU3OjM4IiwiaXNBZG1pbiI6IjAifSwiZ3JlZXRpbmciOiLtmZjsmIHtlanri4jri6QuIHlvb24ifQ.8FOaVlCU3-YV-HGE_63IktG6JUu2uuXFjHb8wTEj8aQ
[2m2021-05-25 00:31:26.361[0;39m [32mDEBUG[0;39m [35m59698[0;39m [2m---[0;39m [2m[nio-9999-exec-8][0;39m [36mc.ssafy.vue.controller.BoardController  [0;39m [2m:[0;39m retrieveBoard - 호출
[2m2021-05-25 00:32:22.619[0;39m [32mDEBUG[0;39m [35m59698[0;39m [2m---[0;39m [2m[nio-9999-exec-9][0;39m [36mc.ssafy.vue.controller.BoardController  [0;39m [2m:[0;39m detailBoard - 호출
[2m2021-05-25 00:47:20.736[0;39m [32m INFO[0;39m [35m59698[0;39m [2m---[0;39m [2m[(260)-127.0.0.1][0;39m [36minMXBeanRegistrar$SpringApplicationAdmin[0;39m [2m:[0;39m Application shutdown requested.
[2m2021-05-25 00:47:20.814[0;39m [32m INFO[0;39m [35m59698[0;39m [2m---[0;39m [2m[(260)-127.0.0.1][0;39m [36mo.s.s.concurrent.ThreadPoolTaskExecutor [0;39m [2m:[0;39m Shutting down ExecutorService 'applicationTaskExecutor'
[2m2021-05-25 09:54:18.521[0;39m [32m INFO[0;39m [35m99281[0;39m [2m---[0;39m [2m[  restartedMain][0;39m [36m.e.DevToolsPropertyDefaultsPostProcessor[0;39m [2m:[0;39m Devtools property defaults active! Set 'spring.devtools.add-properties' to 'false' to disable
[2m2021-05-25 09:54:18.532[0;39m [32m INFO[0;39m [35m99281[0;39m [2m---[0;39m [2m[  restartedMain][0;39m [36m.e.DevToolsPropertyDefaultsPostProcessor[0;39m [2m:[0;39m For additional web related logging consider setting the 'logging.level.web' property to 'DEBUG'
[2m2021-05-25 09:54:21.666[0;39m [32m INFO[0;39m [35m99281[0;39m [2m---[0;39m [2m[  restartedMain][0;39m [36mo.s.b.w.embedded.tomcat.TomcatWebServer [0;39m [2m:[0;39m Tomcat initialized with port(s): 9999 (http)
[2m2021-05-25 09:54:21.816[0;39m [32m INFO[0;39m [35m99281[0;39m [2m---[0;39m [2m[  restartedMain][0;39m [36mw.s.c.ServletWebServerApplicationContext[0;39m [2m:[0;39m Root WebApplicationContext: initialization completed in 3282 ms
[2m2021-05-25 09:54:23.460[0;39m [32m INFO[0;39m [35m99281[0;39m [2m---[0;39m [2m[  restartedMain][0;39m [36mo.s.s.concurrent.ThreadPoolTaskExecutor [0;39m [2m:[0;39m Initializing ExecutorService 'applicationTaskExecutor'
[2m2021-05-25 09:54:23.509[0;39m [32m INFO[0;39m [35m99281[0;39m [2m---[0;39m [2m[  restartedMain][0;39m [36mo.s.b.d.a.OptionalLiveReloadServer      [0;39m [2m:[0;39m LiveReload server is running on port 35729
[2m2021-05-25 09:54:23.858[0;39m [32m INFO[0;39m [35m99281[0;39m [2m---[0;39m [2m[  restartedMain][0;39m [36mo.s.b.w.embedded.tomcat.TomcatWebServer [0;39m [2m:[0;39m Tomcat started on port(s): 9999 (http) with context path '/vue'
[2m2021-05-25 09:55:03.842[0;39m [32m INFO[0;39m [35m99281[0;39m [2m---[0;39m [2m[nio-9999-exec-1][0;39m [36mo.s.web.servlet.DispatcherServlet       [0;39m [2m:[0;39m Initializing Servlet 'dispatcherServlet'
[2m2021-05-25 09:55:03.845[0;39m [32m INFO[0;39m [35m99281[0;39m [2m---[0;39m [2m[nio-9999-exec-1][0;39m [36mo.s.web.servlet.DispatcherServlet       [0;39m [2m:[0;39m Completed initialization in 2 ms
[2m2021-05-25 09:55:04.346[0;39m [32m INFO[0;39m [35m99281[0;39m [2m---[0;39m [2m[nio-9999-exec-2][0;39m [36mcom.ssafy.vue.service.JwtService        [0;39m [2m:[0;39m jwt : eyJ0eXAiOiJKV1QiLCJhbGciOiJIUzI1NiJ9.eyJzdWIiOiLroZzqt7jsnbjthqDtgbAiLCJleHAiOjE2MjE5MDU5MDQsInVzZXIiOnsidXNlcmlkIjoieW9vbiIsInVzZXJuYW1lIjoieW9vbiIsInVzZXJwd2QiOm51bGwsImVtYWlsIjoieW9vbjExMDZAZ21haWwuY29tIiwiYWRkcmVzcyI6IuyEnOyauCDqsJXrgqjqtawg7YWM7Zek656A66GcIDIxMiAo7Jet7IK864-ZLCDrqYDti7DsuqDtjbzsiqQpIiwiam9pbmRhdGUiOiIyMDIxLTA1LTI0IDE1OjU3OjM4IiwiaXNBZG1pbiI6IjAifSwiZ3JlZXRpbmciOiLtmZjsmIHtlanri4jri6QuIHlvb24ifQ.m6ZT87B3gIzJ123nLjo52NZ0HDmoI5dArFDI5RdXoRc
[2m2021-05-25 09:55:07.004[0;39m [32m INFO[0;39m [35m99281[0;39m [2m---[0;39m [2m[nio-9999-exec-4][0;39m [36mcom.ssafy.vue.service.JwtService        [0;39m [2m:[0;39m claims : header={typ=JWT, alg=HS256},body={sub=로그인토큰, exp=1621905904, user={userid=yoon, username=yoon, userpwd=null, email=yoon1106@gmail.com, address=서울 강남구 테헤란로 212 (역삼동, 멀티캠퍼스), joindate=2021-05-24 15:57:38, isAdmin=0}, greeting=환영합니다. yoon},signature=m6ZT87B3gIzJ123nLjo52NZ0HDmoI5dArFDI5RdXoRc
[2m2021-05-25 10:11:24.374[0;39m [32mDEBUG[0;39m [35m99281[0;39m [2m---[0;39m [2m[nio-9999-exec-6][0;39m [36mc.ssafy.vue.controller.NoticeController [0;39m [2m:[0;39m retrieveNotice - 호출
[2m2021-05-25 10:11:26.842[0;39m [32mDEBUG[0;39m [35m99281[0;39m [2m---[0;39m [2m[nio-9999-exec-7][0;39m [36mc.ssafy.vue.controller.NoticeController [0;39m [2m:[0;39m detailNotice - 호출
[2m2021-05-25 10:11:27.527[0;39m [32mDEBUG[0;39m [35m99281[0;39m [2m---[0;39m [2m[nio-9999-exec-8][0;39m [36mc.ssafy.vue.controller.NoticeController [0;39m [2m:[0;39m detailNotice - 호출
[2m2021-05-25 10:11:29.025[0;39m [32mDEBUG[0;39m [35m99281[0;39m [2m---[0;39m [2m[nio-9999-exec-9][0;39m [36mc.ssafy.vue.controller.NoticeController [0;39m [2m:[0;39m retrieveNotice - 호출
[2m2021-05-25 10:11:30.421[0;39m [32mDEBUG[0;39m [35m99281[0;39m [2m---[0;39m [2m[io-9999-exec-10][0;39m [36mc.ssafy.vue.controller.NoticeController [0;39m [2m:[0;39m detailNotice - 호출
[2m2021-05-25 10:11:30.789[0;39m [32mDEBUG[0;39m [35m99281[0;39m [2m---[0;39m [2m[nio-9999-exec-1][0;39m [36mc.ssafy.vue.controller.NoticeController [0;39m [2m:[0;39m detailNotice - 호출
[2m2021-05-25 10:11:31.792[0;39m [32mDEBUG[0;39m [35m99281[0;39m [2m---[0;39m [2m[nio-9999-exec-2][0;39m [36mc.ssafy.vue.controller.NoticeController [0;39m [2m:[0;39m retrieveNotice - 호출
[2m2021-05-25 10:11:35.845[0;39m [32mDEBUG[0;39m [35m99281[0;39m [2m---[0;39m [2m[nio-9999-exec-3][0;39m [36mc.ssafy.vue.controller.BoardController  [0;39m [2m:[0;39m retrieveBoard - 호출
[2m2021-05-25 10:11:37.100[0;39m [32mDEBUG[0;39m [35m99281[0;39m [2m---[0;39m [2m[nio-9999-exec-4][0;39m [36mc.ssafy.vue.controller.BoardController  [0;39m [2m:[0;39m detailBoard - 호출
[2m2021-05-25 10:11:37.275[0;39m [32mDEBUG[0;39m [35m99281[0;39m [2m---[0;39m [2m[nio-9999-exec-5][0;39m [36mc.ssafy.vue.controller.BoardController  [0;39m [2m:[0;39m detailBoard - 호출
[2m2021-05-25 10:11:38.183[0;39m [32mDEBUG[0;39m [35m99281[0;39m [2m---[0;39m [2m[nio-9999-exec-6][0;39m [36mc.ssafy.vue.controller.BoardController  [0;39m [2m:[0;39m retrieveBoard - 호출
[2m2021-05-25 10:11:39.396[0;39m [32mDEBUG[0;39m [35m99281[0;39m [2m---[0;39m [2m[nio-9999-exec-7][0;39m [36mc.ssafy.vue.controller.BoardController  [0;39m [2m:[0;39m detailBoard - 호출
[2m2021-05-25 10:11:39.580[0;39m [32mDEBUG[0;39m [35m99281[0;39m [2m---[0;39m [2m[nio-9999-exec-8][0;39m [36mc.ssafy.vue.controller.BoardController  [0;39m [2m:[0;39m detailBoard - 호출
[2m2021-05-25 10:11:40.564[0;39m [32mDEBUG[0;39m [35m99281[0;39m [2m---[0;39m [2m[nio-9999-exec-9][0;39m [36mc.ssafy.vue.controller.BoardController  [0;39m [2m:[0;39m retrieveBoard - 호출
[2m2021-05-25 10:11:41.585[0;39m [32mDEBUG[0;39m [35m99281[0;39m [2m---[0;39m [2m[io-9999-exec-10][0;39m [36mc.ssafy.vue.controller.BoardController  [0;39m [2m:[0;39m detailBoard - 호출
[2m2021-05-25 10:11:41.783[0;39m [32mDEBUG[0;39m [35m99281[0;39m [2m---[0;39m [2m[nio-9999-exec-1][0;39m [36mc.ssafy.vue.controller.BoardController  [0;39m [2m:[0;39m detailBoard - 호출
[2m2021-05-25 10:11:42.689[0;39m [32mDEBUG[0;39m [35m99281[0;39m [2m---[0;39m [2m[nio-9999-exec-2][0;39m [36mc.ssafy.vue.controller.BoardController  [0;39m [2m:[0;39m retrieveBoard - 호출
[2m2021-05-25 10:11:52.002[0;39m [32m INFO[0;39m [35m99281[0;39m [2m---[0;39m [2m[nio-9999-exec-4][0;39m [36mcom.ssafy.vue.service.JwtService        [0;39m [2m:[0;39m jwt : eyJ0eXAiOiJKV1QiLCJhbGciOiJIUzI1NiJ9.eyJzdWIiOiLroZzqt7jsnbjthqDtgbAiLCJleHAiOjE2MjE5MDY5MTIsInVzZXIiOnsidXNlcmlkIjoiYWRtaW4iLCJ1c2VybmFtZSI6ImFkbWluIiwidXNlcnB3ZCI6bnVsbCwiZW1haWwiOiJhZG1pbkBuYXZlci5jb20iLCJhZGRyZXNzIjoi7ISc7Jq4IOqwleuCqOq1rCDslZXqtazsoJXroZwgMTExIiwiam9pbmRhdGUiOiIyMDIxLTA1LTI0IDE2OjQ3OjE5IiwiaXNBZG1pbiI6IjEifSwiZ3JlZXRpbmciOiLtmZjsmIHtlanri4jri6QuIGFkbWluIn0.vqYGOZtBATXhO96GoXUwdoqaJpxVZL4jBkL5SyWbMWs
[2m2021-05-25 10:11:54.789[0;39m [32mDEBUG[0;39m [35m99281[0;39m [2m---[0;39m [2m[nio-9999-exec-5][0;39m [36mc.ssafy.vue.controller.NoticeController [0;39m [2m:[0;39m retrieveNotice - 호출
[2m2021-05-25 10:12:04.723[0;39m [32mDEBUG[0;39m [35m99281[0;39m [2m---[0;39m [2m[nio-9999-exec-7][0;39m [36mc.ssafy.vue.controller.NoticeController [0;39m [2m:[0;39m writeNotice- 호출
[2m2021-05-25 10:12:07.160[0;39m [32mDEBUG[0;39m [35m99281[0;39m [2m---[0;39m [2m[nio-9999-exec-8][0;39m [36mc.ssafy.vue.controller.NoticeController [0;39m [2m:[0;39m retrieveNotice - 호출
[2m2021-05-25 10:17:24.159[0;39m [32mDEBUG[0;39m [35m99281[0;39m [2m---[0;39m [2m[io-9999-exec-10][0;39m [36mc.ssafy.vue.controller.NoticeController [0;39m [2m:[0;39m retrieveNotice - 호출
[2m2021-05-25 10:17:34.857[0;39m [32m INFO[0;39m [35m99281[0;39m [2m---[0;39m [2m[nio-9999-exec-1][0;39m [36mcom.ssafy.vue.service.JwtService        [0;39m [2m:[0;39m jwt : eyJ0eXAiOiJKV1QiLCJhbGciOiJIUzI1NiJ9.eyJzdWIiOiLroZzqt7jsnbjthqDtgbAiLCJleHAiOjE2MjE5MDcyNTQsInVzZXIiOnsidXNlcmlkIjoieW9vbiIsInVzZXJuYW1lIjoieW9vbiIsInVzZXJwd2QiOm51bGwsImVtYWlsIjoieW9vbjExMDZAZ21haWwuY29tIiwiYWRkcmVzcyI6IuyEnOyauCDqsJXrgqjqtawg7YWM7Zek656A66GcIDIxMiAo7Jet7IK864-ZLCDrqYDti7DsuqDtjbzsiqQpIiwiam9pbmRhdGUiOiIyMDIxLTA1LTI0IDE1OjU3OjM4IiwiaXNBZG1pbiI6IjAifSwiZ3JlZXRpbmciOiLtmZjsmIHtlanri4jri6QuIHlvb24ifQ.sjnT1ceuvCzY-48zizB8s3ZgSOuLvLjhdKCsUI9skUk
[2m2021-05-25 10:17:36.767[0;39m [32mDEBUG[0;39m [35m99281[0;39m [2m---[0;39m [2m[nio-9999-exec-2][0;39m [36mc.ssafy.vue.controller.NoticeController [0;39m [2m:[0;39m retrieveNotice - 호출
[2m2021-05-25 10:19:49.176[0;39m [32mDEBUG[0;39m [35m99281[0;39m [2m---[0;39m [2m[nio-9999-exec-5][0;39m [36mc.ssafy.vue.controller.BoardController  [0;39m [2m:[0;39m retrieveBoard - 호출
[2m2021-05-25 10:19:50.678[0;39m [32mDEBUG[0;39m [35m99281[0;39m [2m---[0;39m [2m[nio-9999-exec-6][0;39m [36mc.ssafy.vue.controller.BoardController  [0;39m [2m:[0;39m detailBoard - 호출
[2m2021-05-25 10:19:52.302[0;39m [32mDEBUG[0;39m [35m99281[0;39m [2m---[0;39m [2m[nio-9999-exec-7][0;39m [36mc.ssafy.vue.controller.BoardController  [0;39m [2m:[0;39m retrieveBoard - 호출
[2m2021-05-25 11:03:46.702[0;39m [32m INFO[0;39m [35m99281[0;39m [2m---[0;39m [2m[n(79)-127.0.0.1][0;39m [36minMXBeanRegistrar$SpringApplicationAdmin[0;39m [2m:[0;39m Application shutdown requested.
[2m2021-05-25 11:03:46.725[0;39m [32m INFO[0;39m [35m99281[0;39m [2m---[0;39m [2m[n(79)-127.0.0.1][0;39m [36mo.s.s.concurrent.ThreadPoolTaskExecutor [0;39m [2m:[0;39m Shutting down ExecutorService 'applicationTaskExecutor'
[2m2021-05-25 13:05:18.305[0;39m [32m INFO[0;39m [35m20331[0;39m [2m---[0;39m [2m[  restartedMain][0;39m [36m.e.DevToolsPropertyDefaultsPostProcessor[0;39m [2m:[0;39m Devtools property defaults active! Set 'spring.devtools.add-properties' to 'false' to disable
[2m2021-05-25 13:05:18.308[0;39m [32m INFO[0;39m [35m20331[0;39m [2m---[0;39m [2m[  restartedMain][0;39m [36m.e.DevToolsPropertyDefaultsPostProcessor[0;39m [2m:[0;39m For additional web related logging consider setting the 'logging.level.web' property to 'DEBUG'
[2m2021-05-25 13:05:19.179[0;39m [32m INFO[0;39m [35m20331[0;39m [2m---[0;39m [2m[  restartedMain][0;39m [36mo.s.b.w.embedded.tomcat.TomcatWebServer [0;39m [2m:[0;39m Tomcat initialized with port(s): 9999 (http)
[2m2021-05-25 13:05:19.222[0;39m [32m INFO[0;39m [35m20331[0;39m [2m---[0;39m [2m[  restartedMain][0;39m [36mw.s.c.ServletWebServerApplicationContext[0;39m [2m:[0;39m Root WebApplicationContext: initialization completed in 913 ms
[2m2021-05-25 13:05:19.809[0;39m [32m INFO[0;39m [35m20331[0;39m [2m---[0;39m [2m[  restartedMain][0;39m [36mo.s.s.concurrent.ThreadPoolTaskExecutor [0;39m [2m:[0;39m Initializing ExecutorService 'applicationTaskExecutor'
[2m2021-05-25 13:05:19.833[0;39m [32m INFO[0;39m [35m20331[0;39m [2m---[0;39m [2m[  restartedMain][0;39m [36mo.s.b.d.a.OptionalLiveReloadServer      [0;39m [2m:[0;39m LiveReload server is running on port 35729
[2m2021-05-25 13:05:19.945[0;39m [32m INFO[0;39m [35m20331[0;39m [2m---[0;39m [2m[  restartedMain][0;39m [36mo.s.b.w.embedded.tomcat.TomcatWebServer [0;39m [2m:[0;39m Tomcat started on port(s): 9999 (http) with context path '/vue'
[2m2021-05-25 13:06:47.448[0;39m [32m INFO[0;39m [35m20331[0;39m [2m---[0;39m [2m[nio-9999-exec-1][0;39m [36mo.s.web.servlet.DispatcherServlet       [0;39m [2m:[0;39m Initializing Servlet 'dispatcherServlet'
[2m2021-05-25 13:06:47.451[0;39m [32m INFO[0;39m [35m20331[0;39m [2m---[0;39m [2m[nio-9999-exec-1][0;39m [36mo.s.web.servlet.DispatcherServlet       [0;39m [2m:[0;39m Completed initialization in 2 ms
[2m2021-05-25 13:06:47.750[0;39m [32m INFO[0;39m [35m20331[0;39m [2m---[0;39m [2m[nio-9999-exec-2][0;39m [36mcom.ssafy.vue.service.JwtService        [0;39m [2m:[0;39m jwt : eyJ0eXAiOiJKV1QiLCJhbGciOiJIUzI1NiJ9.eyJzdWIiOiLroZzqt7jsnbjthqDtgbAiLCJleHAiOjE2MjE5MTc0MDcsInVzZXIiOnsidXNlcmlkIjoieW9vbiIsInVzZXJuYW1lIjoieW9vbiIsInVzZXJwd2QiOm51bGwsImVtYWlsIjoieW9vbjExMDZAZ21haWwuY29tIiwiYWRkcmVzcyI6IuyEnOyauCDqsJXrgqjqtawg7YWM7Zek656A66GcIDIxMiAo7Jet7IK864-ZLCDrqYDti7DsuqDtjbzsiqQpIiwiam9pbmRhdGUiOiIyMDIxLTA1LTI0IDE1OjU3OjM4IiwiaXNBZG1pbiI6IjAifSwiZ3JlZXRpbmciOiLtmZjsmIHtlanri4jri6QuIHlvb24ifQ.Xc9ouZBE3O6GPSOZGyZEQoJk-0MKvZlVRVD1ZTnqg-c
[2m2021-05-25 13:06:50.821[0;39m [32mDEBUG[0;39m [35m20331[0;39m [2m---[0;39m [2m[nio-9999-exec-3][0;39m [36mc.ssafy.vue.controller.BoardController  [0;39m [2m:[0;39m retrieveBoard - 호출
[2m2021-05-25 13:07:04.540[0;39m [32m INFO[0;39m [35m20331[0;39m [2m---[0;39m [2m[n(11)-127.0.0.1][0;39m [36minMXBeanRegistrar$SpringApplicationAdmin[0;39m [2m:[0;39m Application shutdown requested.
[2m2021-05-25 13:07:04.563[0;39m [32m INFO[0;39m [35m20331[0;39m [2m---[0;39m [2m[n(11)-127.0.0.1][0;39m [36mo.s.s.concurrent.ThreadPoolTaskExecutor [0;39m [2m:[0;39m Shutting down ExecutorService 'applicationTaskExecutor'
